2023-07-18T09:17:35.848Z [32minfo[39m: 	DB Connection has been established successfully.
2023-07-18T09:17:35.850Z [32minfo[39m: 	Listening to port 3030
2023-07-18T09:23:16.223Z [32minfo[39m: 	DB Connection has been established successfully.
2023-07-18T09:23:16.225Z [32minfo[39m: 	Listening to port 3030
2023-07-18T09:24:28.557Z [32minfo[39m: 	DB Connection has been established successfully.
2023-07-18T09:24:28.560Z [32minfo[39m: 	Listening to port 3030
2023-07-18T09:32:25.365Z [32minfo[39m: 	DB Connection has been established successfully.
2023-07-18T09:32:25.368Z [32minfo[39m: 	Listening to port 3030
2023-07-18T09:32:33.385Z [32minfo[39m: 	DB Connection has been established successfully.
2023-07-18T09:32:33.388Z [32minfo[39m: 	Listening to port 3030
2023-07-18T09:32:40.561Z [32minfo[39m: 	DB Connection has been established successfully.
2023-07-18T09:32:40.564Z [32minfo[39m: 	Listening to port 3030
2023-07-18T09:32:48.920Z [32minfo[39m: 	DB Connection has been established successfully.
2023-07-18T09:32:48.923Z [32minfo[39m: 	Listening to port 3030
2023-07-18T09:33:45.951Z [32minfo[39m: 	DB Connection has been established successfully.
2023-07-18T09:33:45.954Z [32minfo[39m: 	Listening to port 3030
2023-07-18T09:35:01.051Z [32minfo[39m: 	DB Connection has been established successfully.
2023-07-18T09:35:01.055Z [32minfo[39m: 	Listening to port 3030
2023-07-18T09:39:20.967Z [32minfo[39m: 	DB Connection has been established successfully.
2023-07-18T09:39:20.970Z [32minfo[39m: 	Listening to port 3030
2023-07-18T09:39:28.816Z [32minfo[39m: 	DB Connection has been established successfully.
2023-07-18T09:39:28.819Z [32minfo[39m: 	Listening to port 3030
2023-07-18T09:41:58.948Z [32minfo[39m: 	DB Connection has been established successfully.
2023-07-18T09:41:58.951Z [32minfo[39m: 	Listening to port 3030
2023-07-18T09:42:03.507Z [32minfo[39m: 	DB Connection has been established successfully.
2023-07-18T09:42:03.510Z [32minfo[39m: 	Listening to port 3030
2023-07-18T09:43:37.264Z [32minfo[39m: 	DB Connection has been established successfully.
2023-07-18T09:43:37.267Z [32minfo[39m: 	Listening to port 3030
2023-07-18T09:46:35.078Z [32minfo[39m: 	DB Connection has been established successfully.
2023-07-18T09:46:35.081Z [32minfo[39m: 	Listening to port 3030
2023-07-18T09:46:35.172Z [32minfo[39m: 	Quickshop Customer table created successfully!!
2023-07-18T09:51:08.121Z [32minfo[39m: 	DB Connection has been established successfully.
2023-07-18T09:51:08.125Z [32minfo[39m: 	Listening to port 3030
2023-07-18T09:51:08.272Z [32minfo[39m: 	Quickshop Customer table created successfully!!
2023-07-18T09:52:16.969Z [32minfo[39m: 	DB Connection has been established successfully.
2023-07-18T09:52:16.973Z [32minfo[39m: 	Listening to port 3030
2023-07-18T09:52:17.070Z [32minfo[39m: 	Quickshop Customer table created successfully!!
2023-07-18T09:52:26.867Z [32minfo[39m: 	DB Connection has been established successfully.
2023-07-18T09:52:26.870Z [32minfo[39m: 	Listening to port 3030
2023-07-18T09:52:27.010Z [32minfo[39m: 	Quickshop Customer table created successfully!!
2023-07-18T09:52:27.055Z [32minfo[39m: 	Quickshop Product table created successfully!!
2023-07-18T09:52:55.279Z [32minfo[39m: 	DB Connection has been established successfully.
2023-07-18T09:52:55.282Z [32minfo[39m: 	Listening to port 3030
2023-07-18T09:52:55.391Z [32minfo[39m: 	Quickshop Product table created successfully!!
2023-07-18T09:52:55.449Z [32minfo[39m: 	Quickshop Customer table created successfully!!
2023-07-18T09:53:18.223Z [32minfo[39m: 	DB Connection has been established successfully.
2023-07-18T09:53:18.226Z [32minfo[39m: 	Listening to port 3030
2023-07-18T09:53:18.386Z [32minfo[39m: 	Quickshop Customer table created successfully!!
2023-07-18T09:53:18.444Z [32minfo[39m: 	Quickshop Product table created successfully!!
2023-07-18T09:54:44.366Z [32minfo[39m: 	DB Connection has been established successfully.
2023-07-18T09:54:44.368Z [32minfo[39m: 	Listening to port 3030
2023-07-18T09:54:44.466Z [32minfo[39m: 	Quickshop Product table created successfully!!
2023-07-18T09:54:44.534Z [32minfo[39m: 	Quickshop Customer table created successfully!!
2023-07-18T09:56:07.805Z [32minfo[39m: 	DB Connection has been established successfully.
2023-07-18T09:56:07.809Z [32minfo[39m: 	Listening to port 3030
2023-07-18T09:56:07.997Z [32minfo[39m: 	Quickshop Customer table created successfully!!
2023-07-18T09:56:08.016Z [32minfo[39m: 	Quickshop Product table created successfully!!
2023-07-18T09:57:35.384Z [32minfo[39m: 	DB Connection has been established successfully.
2023-07-18T09:57:35.388Z [32minfo[39m: 	Listening to port 3030
2023-07-18T09:57:35.403Z [32minfo[39m: 	Quickshop Product table created successfully!!
2023-07-18T09:57:35.515Z [32minfo[39m: 	Quickshop Customer table created successfully!!
2023-07-18T09:57:43.232Z [32minfo[39m: 	DB Connection has been established successfully.
2023-07-18T09:57:43.235Z [32minfo[39m: 	Listening to port 3030
2023-07-18T09:57:43.277Z [32minfo[39m: 	Quickshop Product table created successfully!!
2023-07-18T09:57:43.332Z [32minfo[39m: 	Quickshop Customer table created successfully!!
2023-07-18T09:58:54.323Z [32minfo[39m: 	DB Connection has been established successfully.
2023-07-18T09:58:54.326Z [32minfo[39m: 	Listening to port 3030
2023-07-18T09:58:54.369Z [32minfo[39m: 	Quickshop Product table created successfully!!
2023-07-18T09:58:54.447Z [32minfo[39m: 	Quickshop Customer table created successfully!!
2023-07-18T10:00:02.503Z [32minfo[39m: 	DB Connection has been established successfully.
2023-07-18T10:00:02.506Z [32minfo[39m: 	Listening to port 3030
2023-07-18T10:00:02.553Z [32minfo[39m: 	Quickshop Product table created successfully!!
2023-07-18T10:00:02.598Z [32minfo[39m: 	Quickshop Customer table created successfully!!
2023-07-18T10:01:31.722Z [32minfo[39m: 	DB Connection has been established successfully.
2023-07-18T10:01:31.725Z [32minfo[39m: 	Listening to port 3030
2023-07-18T10:01:31.778Z [32minfo[39m: 	Quickshop Product table created successfully!!
2023-07-18T10:01:31.876Z [32minfo[39m: 	Quickshop Customer table created successfully!!
2023-07-18T10:01:44.728Z [32minfo[39m: 	DB Connection has been established successfully.
2023-07-18T10:01:44.731Z [32minfo[39m: 	Listening to port 3030
2023-07-18T10:01:44.742Z [32minfo[39m: 	Quickshop Product table created successfully!!
2023-07-18T10:01:44.762Z [32minfo[39m: 	Quickshop Product table created successfully!!
2023-07-18T10:01:44.800Z [32minfo[39m: 	Quickshop Customer table created successfully!!
2023-07-18T10:02:04.081Z [32minfo[39m: 	DB Connection has been established successfully.
2023-07-18T10:02:04.084Z [32minfo[39m: 	Listening to port 3030
2023-07-18T10:02:04.124Z [32minfo[39m: 	Quickshop Product table created successfully!!
2023-07-18T10:02:04.124Z [32minfo[39m: 	Quickshop Product table created successfully!!
2023-07-18T10:02:04.166Z [32minfo[39m: 	Quickshop Customer table created successfully!!
2023-07-18T10:02:12.920Z [32minfo[39m: 	DB Connection has been established successfully.
2023-07-18T10:02:12.923Z [32minfo[39m: 	Listening to port 3030
2023-07-18T10:02:12.955Z [32minfo[39m: 	Quickshop Product table created successfully!!
2023-07-18T10:02:12.962Z [32minfo[39m: 	Quickshop Product table created successfully!!
2023-07-18T10:02:12.998Z [32minfo[39m: 	Quickshop Customer table created successfully!!
2023-07-18T10:02:36.324Z [32minfo[39m: 	DB Connection has been established successfully.
2023-07-18T10:02:36.327Z [32minfo[39m: 	Listening to port 3030
2023-07-18T10:02:36.376Z [32minfo[39m: 	Quickshop Product table created successfully!!
2023-07-18T10:02:36.388Z [32minfo[39m: 	Quickshop Product table created successfully!!
2023-07-18T10:02:36.442Z [32minfo[39m: 	Quickshop Customer table created successfully!!
2023-07-18T10:04:29.733Z [32minfo[39m: 	DB Connection has been established successfully.
2023-07-18T10:04:29.735Z [32minfo[39m: 	Listening to port 3030
2023-07-18T10:04:29.771Z [32minfo[39m: 	Quickshop Product table created successfully!!
2023-07-18T10:04:29.774Z [32minfo[39m: 	Quickshop Product table created successfully!!
2023-07-18T10:04:29.817Z [32minfo[39m: 	Quickshop Customer table created successfully!!
2023-07-18T10:04:45.332Z [32minfo[39m: 	DB Connection has been established successfully.
2023-07-18T10:04:45.335Z [32minfo[39m: 	Listening to port 3030
2023-07-18T10:04:45.375Z [32minfo[39m: 	Quickshop Product table created successfully!!
2023-07-18T10:04:45.382Z [32minfo[39m: 	Quickshop Product table created successfully!!
2023-07-18T10:04:45.435Z [32minfo[39m: 	Quickshop Customer table created successfully!!
2023-07-18T10:04:57.704Z [32minfo[39m: 	DB Connection has been established successfully.
2023-07-18T10:04:57.707Z [32minfo[39m: 	Listening to port 3030
2023-07-18T10:04:57.766Z [32minfo[39m: 	Quickshop Product table created successfully!!
2023-07-18T10:04:57.767Z [32minfo[39m: 	Quickshop Product table created successfully!!
2023-07-18T10:04:57.825Z [32minfo[39m: 	Quickshop Customer table created successfully!!
2023-07-18T10:05:23.735Z [32minfo[39m: 	DB Connection has been established successfully.
2023-07-18T10:05:23.738Z [32minfo[39m: 	Listening to port 3030
2023-07-18T10:05:23.779Z [32minfo[39m: 	Quickshop Product table created successfully!!
2023-07-18T10:05:23.791Z [32minfo[39m: 	Quickshop Product table created successfully!!
2023-07-18T10:05:23.846Z [32minfo[39m: 	Quickshop Customer table created successfully!!
2023-07-18T10:05:41.660Z [32minfo[39m: 	DB Connection has been established successfully.
2023-07-18T10:05:41.663Z [32minfo[39m: 	Listening to port 3030
2023-07-18T10:05:41.710Z [32minfo[39m: 	Quickshop Product table created successfully!!
2023-07-18T10:05:41.712Z [32minfo[39m: 	Quickshop Product table created successfully!!
2023-07-18T10:05:41.756Z [32minfo[39m: 	Quickshop Customer table created successfully!!
2023-07-18T10:08:11.240Z [32minfo[39m: 	DB Connection has been established successfully.
2023-07-18T10:08:11.243Z [32minfo[39m: 	Listening to port 3030
2023-07-18T10:08:11.288Z [32minfo[39m: 	Quickshop Product table created successfully!!
2023-07-18T10:08:11.288Z [32minfo[39m: 	Quickshop Product table created successfully!!
2023-07-18T10:08:11.338Z [32minfo[39m: 	Quickshop Customer table created successfully!!
2023-07-18T10:10:16.700Z [32minfo[39m: 	DB Connection has been established successfully.
2023-07-18T10:10:16.704Z [32minfo[39m: 	Listening to port 3030
2023-07-18T10:10:16.717Z [31merror[39m: 	Failed to create Quickshop Product table!!
2023-07-18T10:10:16.744Z [32minfo[39m: 	Quickshop Product table created successfully!!
2023-07-18T10:10:16.797Z [32minfo[39m: 	Quickshop Customer table created successfully!!
2023-07-18T10:10:50.699Z [32minfo[39m: 	DB Connection has been established successfully.
2023-07-18T10:10:50.702Z [32minfo[39m: 	Listening to port 3030
2023-07-18T10:10:50.717Z [31merror[39m: 	Failed to create Quickshop Product table!!
2023-07-18T10:10:50.737Z [32minfo[39m: 	Quickshop Product table created successfully!!
2023-07-18T10:10:50.777Z [32minfo[39m: 	Quickshop Customer table created successfully!!
2023-07-18T10:11:24.233Z [32minfo[39m: 	DB Connection has been established successfully.
2023-07-18T10:11:24.236Z [32minfo[39m: 	Listening to port 3030
2023-07-18T10:11:24.243Z [31merror[39m: 	Failed to create Quickshop Product table!!
2023-07-18T10:11:24.284Z [32minfo[39m: 	Quickshop Product table created successfully!!
2023-07-18T10:11:24.285Z [32minfo[39m: 	Quickshop Customer table created successfully!!
2023-07-18T10:11:52.809Z [32minfo[39m: 	DB Connection has been established successfully.
2023-07-18T10:11:52.811Z [32minfo[39m: 	Listening to port 3030
2023-07-18T10:11:52.820Z [31merror[39m: 	Failed to create Quickshop Product table!!
2023-07-18T10:11:52.838Z [32minfo[39m: 	Quickshop Product table created successfully!!
2023-07-18T10:11:52.860Z [32minfo[39m: 	Quickshop Customer table created successfully!!
2023-07-18T10:12:27.893Z [32minfo[39m: 	DB Connection has been established successfully.
2023-07-18T10:12:27.896Z [32minfo[39m: 	Listening to port 3030
2023-07-18T10:12:27.905Z [31merror[39m: 	Failed to create Quickshop Product table!!
2023-07-18T10:12:27.932Z [32minfo[39m: 	Quickshop Product table created successfully!!
2023-07-18T10:12:27.964Z [32minfo[39m: 	Quickshop Customer table created successfully!!
2023-07-18T10:12:44.398Z [32minfo[39m: 	DB Connection has been established successfully.
2023-07-18T10:12:44.400Z [32minfo[39m: 	Listening to port 3030
2023-07-18T10:12:44.416Z [32minfo[39m: 	Quickshop Customer table created successfully!!
2023-07-18T10:12:44.425Z [32minfo[39m: 	Quickshop Product table created successfully!!
2023-07-18T10:12:44.425Z [32minfo[39m: 	Quickshop Product table created successfully!!
2023-07-18T10:13:12.149Z [32minfo[39m: 	DB Connection has been established successfully.
2023-07-18T10:13:12.152Z [32minfo[39m: 	Listening to port 3030
2023-07-18T10:13:12.165Z [31merror[39m: 	Failed to create Quickshop Product table!!
2023-07-18T10:13:12.211Z [32minfo[39m: 	Quickshop Product table created successfully!!
2023-07-18T10:13:12.220Z [32minfo[39m: 	Quickshop Customer table created successfully!!
2023-07-18T10:13:22.666Z [32minfo[39m: 	DB Connection has been established successfully.
2023-07-18T10:13:22.668Z [32minfo[39m: 	Listening to port 3030
2023-07-18T10:13:22.701Z [31merror[39m: 	Failed to create Quickshop Product table!!
2023-07-18T10:13:22.722Z [32minfo[39m: 	Quickshop Customer table created successfully!!
2023-07-18T10:13:22.766Z [32minfo[39m: 	Quickshop Product table created successfully!!
2023-07-18T10:18:00.579Z [32minfo[39m: 	DB Connection has been established successfully.
2023-07-18T10:18:00.582Z [32minfo[39m: 	Listening to port 3030
2023-07-18T10:18:00.622Z [31merror[39m: 	Failed to create Quickshop Product table!!
2023-07-18T10:18:00.640Z [32minfo[39m: 	Quickshop Product table created successfully!!
2023-07-18T10:18:00.644Z [32minfo[39m: 	Quickshop Customer table created successfully!!
2023-07-18T10:18:21.281Z [32minfo[39m: 	DB Connection has been established successfully.
2023-07-18T10:18:21.284Z [32minfo[39m: 	Listening to port 3030
2023-07-18T10:18:21.319Z [31merror[39m: 	Failed to create Quickshop Product table!!
2023-07-18T10:18:21.354Z [32minfo[39m: 	Quickshop Customer table created successfully!!
2023-07-18T10:18:21.366Z [32minfo[39m: 	Quickshop Product table created successfully!!
2023-07-18T10:18:28.207Z [32minfo[39m: 	DB Connection has been established successfully.
2023-07-18T10:18:28.210Z [32minfo[39m: 	Listening to port 3030
2023-07-18T10:18:28.226Z [31merror[39m: 	Failed to create Quickshop Product table!!
2023-07-18T10:18:28.255Z [32minfo[39m: 	Quickshop Product table created successfully!!
2023-07-18T10:18:28.280Z [32minfo[39m: 	Quickshop Customer table created successfully!!
2023-07-18T10:21:03.995Z [32minfo[39m: 	DB Connection has been established successfully.
2023-07-18T10:21:03.999Z [32minfo[39m: 	Listening to port 3030
2023-07-18T10:21:04.024Z [31merror[39m: 	Failed to create Quickshop Product table!!
2023-07-18T10:21:04.071Z [32minfo[39m: 	Quickshop Product table created successfully!!
2023-07-18T10:21:04.092Z [32minfo[39m: 	Quickshop Customer table created successfully!!
2023-07-18T10:22:38.803Z [32minfo[39m: 	DB Connection has been established successfully.
2023-07-18T10:22:38.805Z [32minfo[39m: 	Listening to port 3030
2023-07-18T10:22:38.819Z [31merror[39m: 	Failed to create Quickshop Order table!!
2023-07-18T10:22:38.827Z [31merror[39m: 	Failed to create Quickshop Product table!!
2023-07-18T10:22:38.855Z [32minfo[39m: 	Quickshop Product table created successfully!!
2023-07-18T10:22:38.864Z [32minfo[39m: 	Quickshop Customer table created successfully!!
2023-07-18T10:28:06.315Z [32minfo[39m: 	DB Connection has been established successfully.
2023-07-18T10:28:06.318Z [32minfo[39m: 	Listening to port 3030
2023-07-18T10:28:06.337Z [31merror[39m: 	Failed to create Quickshop Product table!!
2023-07-18T10:28:06.390Z [31merror[39m: 	Failed to create Quickshop Order table!!
2023-07-18T10:28:06.396Z [32minfo[39m: 	Quickshop Customer table created successfully!!
2023-07-18T10:28:06.431Z [32minfo[39m: 	Quickshop Product table created successfully!!
2023-07-18T10:29:05.615Z [32minfo[39m: 	DB Connection has been established successfully.
2023-07-18T10:29:05.618Z [32minfo[39m: 	Listening to port 3030
2023-07-18T10:29:05.641Z [32minfo[39m: 	Quickshop Product table created successfully!!
2023-07-18T10:29:05.643Z [31merror[39m: 	Failed to create Quickshop Order table!!
2023-07-18T10:29:05.643Z [32minfo[39m: 	Quickshop Customer table created successfully!!
2023-07-18T10:29:05.655Z [32minfo[39m: 	Quickshop Product table created successfully!!
2023-07-18T10:29:33.497Z [32minfo[39m: 	DB Connection has been established successfully.
2023-07-18T10:29:33.500Z [32minfo[39m: 	Listening to port 3030
2023-07-18T10:29:33.525Z [31merror[39m: 	Failed to create Quickshop Product table!!
2023-07-18T10:29:33.612Z [31merror[39m: 	Failed to create Quickshop Customer table!!
2023-07-18T10:29:33.758Z [32minfo[39m: 	Quickshop Product table created successfully!!
2023-07-18T10:29:33.838Z [32minfo[39m: 	Quickshop Order table created successfully!!
2023-07-18T10:31:55.271Z [32minfo[39m: 	DB Connection has been established successfully.
2023-07-18T10:31:55.274Z [32minfo[39m: 	Listening to port 3030
2023-07-18T10:31:55.307Z [31merror[39m: 	Failed to create Quickshop Product table!!
2023-07-18T10:31:55.308Z [31merror[39m: 	Failed to create Quickshop Order table!!
2023-07-18T10:31:55.328Z [32minfo[39m: 	Quickshop Product table created successfully!!
2023-07-18T10:31:55.401Z [32minfo[39m: 	Quickshop Customer table created successfully!!
2023-07-18T10:32:36.067Z [32minfo[39m: 	DB Connection has been established successfully.
2023-07-18T10:32:36.071Z [32minfo[39m: 	Listening to port 3030
2023-07-18T10:32:36.096Z [31merror[39m: 	Failed to create Quickshop Order table!!
2023-07-18T10:32:36.118Z [31merror[39m: 	Failed to create Quickshop Product table!!
2023-07-18T10:32:36.154Z [32minfo[39m: 	Quickshop Product table created successfully!!
2023-07-18T10:32:36.239Z [32minfo[39m: 	Quickshop Customer table created successfully!!
2023-07-18T10:33:59.395Z [32minfo[39m: 	DB Connection has been established successfully.
2023-07-18T10:33:59.398Z [32minfo[39m: 	Listening to port 3030
2023-07-18T10:33:59.435Z [31merror[39m: 	Failed to create Quickshop Order table!!
2023-07-18T10:33:59.449Z [31merror[39m: 	Failed to create Quickshop Product table!!
2023-07-18T10:33:59.529Z [32minfo[39m: 	Quickshop Product table created successfully!!
2023-07-18T10:33:59.577Z [32minfo[39m: 	Quickshop Customer table created successfully!!
2023-07-18T10:37:09.256Z [32minfo[39m: 	DB Connection has been established successfully.
2023-07-18T10:37:09.259Z [32minfo[39m: 	Listening to port 3030
2023-07-18T10:37:09.276Z [31merror[39m: 	Failed to create Quickshop Product table!!
2023-07-18T10:37:09.290Z [31merror[39m: 	Failed to create Quickshop Order table!!
2023-07-18T10:37:09.355Z [32minfo[39m: 	Quickshop Product table created successfully!!
2023-07-18T10:37:09.416Z [32minfo[39m: 	Quickshop Customer table created successfully!!
2023-07-18T10:38:06.347Z [32minfo[39m: 	DB Connection has been established successfully.
2023-07-18T10:38:06.350Z [32minfo[39m: 	Listening to port 3030
2023-07-18T10:38:06.371Z [31merror[39m: 	Failed to create Quickshop Order table!!
2023-07-18T10:38:06.383Z [31merror[39m: 	Failed to create Quickshop Customer table!!
2023-07-18T10:38:06.383Z [31merror[39m: 	Failed to create Quickshop Product table!!
2023-07-18T10:38:06.419Z [32minfo[39m: 	Quickshop Product table created successfully!!
2023-07-18T10:38:31.076Z [32minfo[39m: 	DB Connection has been established successfully.
2023-07-18T10:38:31.079Z [32minfo[39m: 	Listening to port 3030
2023-07-18T10:38:31.088Z [31merror[39m: 	Failed to create Quickshop Product table!!
2023-07-18T10:38:31.093Z [31merror[39m: 	Failed to create Quickshop Order table!!
2023-07-18T10:38:31.096Z [32minfo[39m: 	Quickshop Customer table created successfully!!
2023-07-18T10:38:31.096Z [32minfo[39m: 	Quickshop Product table created successfully!!
2023-07-18T10:39:17.469Z [32minfo[39m: 	DB Connection has been established successfully.
2023-07-18T10:39:17.472Z [32minfo[39m: 	Listening to port 3030
2023-07-18T10:39:17.502Z [32minfo[39m: 	Quickshop Product table created successfully!!
2023-07-18T10:39:17.502Z [32minfo[39m: 	Quickshop Order table created successfully!!
2023-07-18T10:39:17.560Z [32minfo[39m: 	Quickshop Product table created successfully!!
2023-07-18T10:39:17.631Z [32minfo[39m: 	Quickshop Customer table created successfully!!
2023-07-18T10:45:09.019Z [32minfo[39m: 	DB Connection has been established successfully.
2023-07-18T10:45:09.023Z [32minfo[39m: 	Listening to port 3030
2023-07-18T10:45:09.056Z [31merror[39m: 	Failed to create Quickshop Order table!!
2023-07-18T10:45:09.056Z [31merror[39m: 	Failed to create Quickshop Product table!!
2023-07-18T10:45:09.099Z [32minfo[39m: 	Quickshop Product table created successfully!!
2023-07-18T10:45:09.154Z [32minfo[39m: 	Quickshop Customer table created successfully!!
2023-07-18T10:48:12.531Z [32minfo[39m: 	DB Connection has been established successfully.
2023-07-18T10:48:12.534Z [32minfo[39m: 	Listening to port 3030
2023-07-18T10:48:12.644Z [32minfo[39m: 	Quickshop Product table created successfully!!
2023-07-18T10:48:12.729Z [32minfo[39m: 	Quickshop Customer table created successfully!!
2023-07-18T10:48:12.780Z [32minfo[39m: 	Quickshop Product table created successfully!!
2023-07-18T10:48:12.894Z [32minfo[39m: 	Quickshop Order table created successfully!!
2023-07-18T10:48:37.244Z [32minfo[39m: 	DB Connection has been established successfully.
2023-07-18T10:48:37.247Z [32minfo[39m: 	Listening to port 3030
2023-07-18T10:48:37.267Z [32minfo[39m: 	Quickshop Customer table created successfully!!
2023-07-18T10:48:37.267Z [32minfo[39m: 	Quickshop Product table created successfully!!
2023-07-18T10:48:37.287Z [32minfo[39m: 	Quickshop Product table created successfully!!
2023-07-18T10:48:37.308Z [32minfo[39m: 	Quickshop Order table created successfully!!
2023-07-18T11:05:58.122Z [32minfo[39m: 	DB Connection Ended!!
2023-07-18T11:06:50.625Z [32minfo[39m: 	DB Connection has been established successfully.
2023-07-18T11:06:50.628Z [32minfo[39m: 	Listening to port 3030
2023-07-18T11:06:50.694Z [32minfo[39m: 	Quickshop Product table created successfully!!
2023-07-18T11:06:50.790Z [32minfo[39m: 	Quickshop Customer table created successfully!!
2023-07-18T11:06:50.845Z [32minfo[39m: 	Quickshop Product table created successfully!!
2023-07-18T11:06:50.953Z [32minfo[39m: 	Quickshop Order table created successfully!!
2023-07-18T11:06:53.417Z [32minfo[39m: 	Type: GET -- Request: {"customerId":"1"} -- URL: http://localhost:3030/quickshop/customer?customerId=1 -- Status: 200 -- Response Time: 9.735 ms

2023-07-18T11:07:33.834Z [32minfo[39m: 	Type: GET -- Request: {"customerId":"1"} -- URL: http://localhost:3030/quickshop/customer?customerId=1 -- Status: 200 -- Response Time: 4.991 ms

2023-07-18T11:07:47.943Z [32minfo[39m: 	Type: GET -- Request: {} -- URL: http://localhost:3030/quickshop/customer/all -- Status: 200 -- Response Time: 5.522 ms

2023-07-18T11:08:30.695Z [32minfo[39m: 	Type: GET -- Request: {} -- URL: http://localhost:3030/quickshop/customer/active -- Status: 200 -- Response Time: 4.363 ms

2023-07-18T11:09:23.807Z [32minfo[39m: 	Type: GET -- Request: {"orderId":"1"} -- URL: http://localhost:3030/quickshop/order?orderId=1 -- Status: 200 -- Response Time: 4.239 ms

2023-07-18T11:10:03.150Z [32minfo[39m: 	Type: GET -- Request: {} -- URL: http://localhost:3030/quickshop/order/all -- Status: 200 -- Response Time: 4.305 ms

2023-07-18T11:10:25.012Z [32minfo[39m: 	Type: GET -- Request: {} -- URL: http://localhost:3030/quickshop/order/active -- Status: 200 -- Response Time: 3.905 ms

2023-07-18T11:10:38.682Z [32minfo[39m: 	Type: GET -- Request: {} -- URL: http://localhost:3030/quickshop/order/active -- Status: 200 -- Response Time: 3.739 ms

2023-07-18T11:11:03.198Z [32minfo[39m: 	DB Connection has been established successfully.
2023-07-18T11:11:03.202Z [32minfo[39m: 	Listening to port 3030
2023-07-18T11:11:03.264Z [32minfo[39m: 	Quickshop Product table created successfully!!
2023-07-18T11:11:03.351Z [32minfo[39m: 	Quickshop Customer table created successfully!!
2023-07-18T11:11:03.401Z [32minfo[39m: 	Quickshop Product table created successfully!!
2023-07-18T11:11:03.517Z [32minfo[39m: 	Quickshop Order table created successfully!!
2023-07-18T11:11:39.174Z [32minfo[39m: 	DB Connection has been established successfully.
2023-07-18T11:11:39.177Z [32minfo[39m: 	Listening to port 3030
2023-07-18T11:11:39.244Z [32minfo[39m: 	Quickshop Product table created successfully!!
2023-07-18T11:11:39.350Z [32minfo[39m: 	Quickshop Customer table created successfully!!
2023-07-18T11:11:39.393Z [32minfo[39m: 	Quickshop Product table created successfully!!
2023-07-18T11:11:39.537Z [32minfo[39m: 	Quickshop Order table created successfully!!
2023-07-18T11:12:24.122Z [32minfo[39m: 	Type: GET -- Request: {"productId":"1"} -- URL: http://localhost:3030/quickshop/order/product?productId=1 -- Status: 200 -- Response Time: 10.468 ms

2023-07-18T11:13:01.983Z [32minfo[39m: 	Type: GET -- Request: {"productId":"1"} -- URL: http://localhost:3030/quickshop/order/active/product?productId=1 -- Status: 200 -- Response Time: 5.356 ms

2023-07-18T11:13:54.371Z [32minfo[39m: 	Type: GET -- Request: {"customerId":"1"} -- URL: http://localhost:3030/quickshop/order/customer?customerId=1 -- Status: 200 -- Response Time: 5.098 ms

2023-07-18T11:14:28.938Z [32minfo[39m: 	Type: GET -- Request: {"customerId":"1"} -- URL: http://localhost:3030/quickshop/order/active/customer?customerId=1 -- Status: 200 -- Response Time: 4.215 ms

2023-07-18T11:15:14.491Z [32minfo[39m: 	DB Connection has been established successfully.
2023-07-18T11:15:14.494Z [32minfo[39m: 	Listening to port 3030
2023-07-18T11:15:14.583Z [32minfo[39m: 	Quickshop Product table created successfully!!
2023-07-18T11:15:14.687Z [32minfo[39m: 	Quickshop Customer table created successfully!!
2023-07-18T11:15:14.768Z [32minfo[39m: 	Quickshop Product table created successfully!!
2023-07-18T11:15:14.900Z [32minfo[39m: 	Quickshop Order table created successfully!!
2023-07-18T11:16:13.312Z [32minfo[39m: 	DB Connection has been established successfully.
2023-07-18T11:16:13.316Z [32minfo[39m: 	Listening to port 3030
2023-07-18T11:16:13.380Z [32minfo[39m: 	Quickshop Product table created successfully!!
2023-07-18T11:16:13.480Z [32minfo[39m: 	Quickshop Customer table created successfully!!
2023-07-18T11:16:13.528Z [32minfo[39m: 	Quickshop Product table created successfully!!
2023-07-18T11:16:13.697Z [32minfo[39m: 	Quickshop Order table created successfully!!
2023-07-18T11:16:26.576Z [32minfo[39m: 	DB Connection has been established successfully.
2023-07-18T11:16:26.579Z [32minfo[39m: 	Listening to port 3030
2023-07-18T11:16:26.639Z [32minfo[39m: 	Quickshop Product table created successfully!!
2023-07-18T11:16:26.725Z [32minfo[39m: 	Quickshop Customer table created successfully!!
2023-07-18T11:16:26.776Z [32minfo[39m: 	Quickshop Product table created successfully!!
2023-07-18T11:16:26.916Z [32minfo[39m: 	Quickshop Order table created successfully!!
2023-07-18T11:16:47.072Z [32minfo[39m: 	Type: GET -- Request: {"orderId":"1"} -- URL: http://localhost:3030/quickshop/order/order-id?orderId=1 -- Status: 200 -- Response Time: 10.476 ms

2023-07-18T11:17:46.157Z [32minfo[39m: 	Type: GET -- Request: {"categoryId":"1"} -- URL: http://localhost:3030/quickshop/product-category?categoryId=1 -- Status: 200 -- Response Time: 5.677 ms

2023-07-18T11:18:07.765Z [32minfo[39m: 	Type: GET -- Request: {} -- URL: http://localhost:3030/quickshop/product-category/all -- Status: 200 -- Response Time: 4.191 ms

2023-07-18T11:18:30.045Z [32minfo[39m: 	Type: GET -- Request: {} -- URL: http://localhost:3030/quickshop/product-category/active -- Status: 200 -- Response Time: 3.720 ms

2023-07-18T11:19:06.888Z [32minfo[39m: 	Type: GET -- Request: {"productId":"1"} -- URL: http://localhost:3030/quickshop/product?productId=1 -- Status: 200 -- Response Time: 5.085 ms

2023-07-18T11:19:22.632Z [32minfo[39m: 	Type: GET -- Request: {} -- URL: http://localhost:3030/quickshop/product/all -- Status: 200 -- Response Time: 4.026 ms

2023-07-18T11:19:40.520Z [32minfo[39m: 	Type: GET -- Request: {} -- URL: http://localhost:3030/quickshop/product/active -- Status: 200 -- Response Time: 3.755 ms

2023-07-18T13:56:01.271Z [32minfo[39m: 	DB Connection has been established successfully.
2023-07-18T13:56:01.274Z [32minfo[39m: 	Listening to port 3030
2023-07-18T13:56:01.448Z [32minfo[39m: 	Quickshop Product table created successfully!!
2023-07-18T13:56:01.523Z [32minfo[39m: 	Quickshop Customer table created successfully!!
2023-07-18T13:56:01.590Z [32minfo[39m: 	Quickshop Product table created successfully!!
2023-07-18T13:56:01.718Z [32minfo[39m: 	Quickshop Order table created successfully!!
2023-07-18T16:51:02.093Z [32minfo[39m: 	DB Connection has been established successfully.
2023-07-18T16:51:02.096Z [32minfo[39m: 	Listening to port 3030
2023-07-18T16:51:02.317Z [32minfo[39m: 	Quickshop Product table created successfully!!
2023-07-18T16:51:02.485Z [32minfo[39m: 	Quickshop Customer table created successfully!!
2023-07-18T16:51:02.579Z [32minfo[39m: 	Quickshop Product table created successfully!!
2023-07-18T16:51:02.740Z [32minfo[39m: 	Quickshop Order table created successfully!!
2023-07-18T16:56:15.637Z [32minfo[39m: 	DB Connection has been established successfully.
2023-07-18T16:56:15.641Z [32minfo[39m: 	Listening to port 3030
2023-07-18T16:56:15.741Z [32minfo[39m: 	Quickshop Product table created successfully!!
2023-07-18T16:56:15.846Z [32minfo[39m: 	Quickshop Customer table created successfully!!
2023-07-18T16:56:15.929Z [32minfo[39m: 	Quickshop Product table created successfully!!
2023-07-18T16:56:16.098Z [32minfo[39m: 	Quickshop Order table created successfully!!
2023-07-18T16:56:38.834Z [32minfo[39m: 	DB Connection has been established successfully.
2023-07-18T16:56:38.837Z [32minfo[39m: 	Listening to port 3030
2023-07-18T16:56:38.916Z [32minfo[39m: 	Quickshop Product table created successfully!!
2023-07-18T16:56:39.103Z [32minfo[39m: 	Quickshop Customer table created successfully!!
2023-07-18T16:56:39.150Z [32minfo[39m: 	Quickshop Product table created successfully!!
2023-07-18T16:56:39.290Z [32minfo[39m: 	Quickshop Order table created successfully!!
2023-07-18T17:01:43.460Z [32minfo[39m: 	DB Connection has been established successfully.
2023-07-18T17:01:43.463Z [32minfo[39m: 	Listening to port 3030
2023-07-18T17:01:43.521Z [32minfo[39m: 	Quickshop Product table created successfully!!
2023-07-18T17:01:43.582Z [32minfo[39m: 	Quickshop Customer table created successfully!!
2023-07-18T17:01:43.629Z [32minfo[39m: 	Quickshop Product table created successfully!!
2023-07-18T17:01:43.736Z [32minfo[39m: 	Quickshop Order table created successfully!!
2023-07-18T17:07:15.261Z [32minfo[39m: 	DB Connection has been established successfully.
2023-07-18T17:07:15.263Z [32minfo[39m: 	Listening to port 3030
2023-07-18T17:07:15.331Z [32minfo[39m: 	Quickshop Product table created successfully!!
2023-07-18T17:07:15.426Z [32minfo[39m: 	Quickshop Customer table created successfully!!
2023-07-18T17:07:15.486Z [32minfo[39m: 	Quickshop Product table created successfully!!
2023-07-18T17:07:15.668Z [32minfo[39m: 	Quickshop Order table created successfully!!
2023-07-18T17:10:46.477Z [32minfo[39m: 	DB Connection has been established successfully.
2023-07-18T17:10:46.480Z [32minfo[39m: 	Listening to port 3030
2023-07-18T17:10:46.548Z [32minfo[39m: 	Quickshop Product table created successfully!!
2023-07-18T17:10:46.641Z [32minfo[39m: 	Quickshop Customer table created successfully!!
2023-07-18T17:10:46.699Z [32minfo[39m: 	Quickshop Product table created successfully!!
2023-07-18T17:10:46.849Z [32minfo[39m: 	Quickshop Order table created successfully!!
2023-07-18T17:11:25.700Z [32minfo[39m: 	DB Connection has been established successfully.
2023-07-18T17:11:25.704Z [32minfo[39m: 	Listening to port 3030
2023-07-18T17:11:25.765Z [32minfo[39m: 	Quickshop Product table created successfully!!
2023-07-18T17:11:25.864Z [32minfo[39m: 	Quickshop Customer table created successfully!!
2023-07-18T17:11:25.917Z [32minfo[39m: 	Quickshop Product table created successfully!!
2023-07-18T17:11:26.029Z [32minfo[39m: 	Quickshop Order table created successfully!!
2023-07-18T17:14:59.225Z [32minfo[39m: 	DB Connection has been established successfully.
2023-07-18T17:14:59.228Z [32minfo[39m: 	Listening to port 3030
2023-07-18T17:14:59.302Z [32minfo[39m: 	Quickshop Product table created successfully!!
2023-07-18T17:14:59.426Z [32minfo[39m: 	Quickshop Customer table created successfully!!
2023-07-18T17:14:59.484Z [32minfo[39m: 	Quickshop Product table created successfully!!
2023-07-18T17:14:59.671Z [32minfo[39m: 	Quickshop Order table created successfully!!
2023-07-18T18:32:44.570Z [32minfo[39m: 	Type: GET -- Request: {} -- URL: http://localhost:3030/quickshop/order/active -- Status: 200 -- Response Time: 77.652 ms

2023-07-18T18:32:44.576Z [32minfo[39m: 	Type: GET -- Request: {} -- URL: http://localhost:3030/quickshop/order/active -- Status: 200 -- Response Time: 2.831 ms

2023-07-18T18:33:13.423Z [32minfo[39m: 	DB Connection has been established successfully.
2023-07-18T18:33:13.426Z [32minfo[39m: 	Listening to port 3030
2023-07-18T18:33:13.514Z [32minfo[39m: 	Quickshop Product table created successfully!!
2023-07-18T18:33:13.608Z [32minfo[39m: 	Quickshop Customer table created successfully!!
2023-07-18T18:33:13.663Z [32minfo[39m: 	Quickshop Product table created successfully!!
2023-07-18T18:33:13.799Z [32minfo[39m: 	Quickshop Order table created successfully!!
2023-07-18T18:33:17.968Z [32minfo[39m: 	Type: GET -- Request: {} -- URL: http://localhost:3030/quickshop/order/active -- Status: 200 -- Response Time: 9.078 ms

2023-07-18T18:42:40.498Z [32minfo[39m: 	Type: GET -- Request: {} -- URL: http://localhost:3030/quickshop/order/active -- Status: 200 -- Response Time: 10.430 ms

2023-07-18T18:42:45.290Z [32minfo[39m: 	Type: GET -- Request: {} -- URL: http://localhost:3030/quickshop/order/active -- Status: 200 -- Response Time: 2.085 ms

2023-07-18T18:43:33.857Z [32minfo[39m: 	Type: GET -- Request: {} -- URL: http://localhost:3030/quickshop/order/active -- Status: 304 -- Response Time: 13.064 ms

2023-07-18T18:43:47.341Z [32minfo[39m: 	Type: GET -- Request: {} -- URL: http://localhost:3030/quickshop/order/active -- Status: 304 -- Response Time: 8.574 ms

2023-07-18T18:44:41.507Z [32minfo[39m: 	Type: GET -- Request: {} -- URL: http://localhost:3030/quickshop/order/active -- Status: 304 -- Response Time: 8.102 ms

2023-07-18T18:44:50.281Z [32minfo[39m: 	Type: GET -- Request: {} -- URL: http://localhost:3030/quickshop/order/active -- Status: 304 -- Response Time: 1.728 ms

2023-07-18T18:52:39.264Z [32minfo[39m: 	Type: GET -- Request: {} -- URL: http://localhost:3030/quickshop/order/active -- Status: 304 -- Response Time: 13.690 ms

2023-07-18T18:52:41.705Z [32minfo[39m: 	Type: GET -- Request: {} -- URL: http://localhost:3030/quickshop/order/active -- Status: 304 -- Response Time: 2.569 ms

2023-07-18T18:53:41.050Z [32minfo[39m: 	Type: GET -- Request: {} -- URL: http://localhost:3030/quickshop/order/active -- Status: 304 -- Response Time: 11.353 ms

2023-07-18T18:53:43.616Z [32minfo[39m: 	Type: GET -- Request: {} -- URL: http://localhost:3030/quickshop/order/active -- Status: 304 -- Response Time: 1.670 ms

2023-07-18T18:54:07.074Z [32minfo[39m: 	Type: GET -- Request: {} -- URL: http://localhost:3030/quickshop/order/active -- Status: 304 -- Response Time: 7.581 ms

2023-07-18T18:54:09.020Z [32minfo[39m: 	Type: GET -- Request: {} -- URL: http://localhost:3030/quickshop/order/active -- Status: 304 -- Response Time: 2.025 ms

2023-07-18T18:54:20.948Z [32minfo[39m: 	Type: GET -- Request: {} -- URL: http://localhost:3030/quickshop/order/active -- Status: 304 -- Response Time: 7.338 ms

2023-07-18T18:54:21.139Z [32minfo[39m: 	Type: GET -- Request: {} -- URL: http://localhost:3030/quickshop/order/active -- Status: 304 -- Response Time: 2.225 ms

2023-07-18T18:55:46.095Z [32minfo[39m: 	Type: GET -- Request: {} -- URL: http://localhost:3030/quickshop/order/active -- Status: 304 -- Response Time: 15.683 ms

2023-07-18T18:55:48.415Z [32minfo[39m: 	Type: GET -- Request: {} -- URL: http://localhost:3030/quickshop/order/active -- Status: 304 -- Response Time: 2.566 ms

2023-07-18T18:59:40.833Z [32minfo[39m: 	Type: GET -- Request: {} -- URL: http://localhost:3030/quickshop/order/active -- Status: 304 -- Response Time: 7.707 ms

2023-07-18T18:59:44.176Z [32minfo[39m: 	Type: GET -- Request: {} -- URL: http://localhost:3030/quickshop/order/active -- Status: 304 -- Response Time: 1.824 ms

2023-07-18T19:00:52.965Z [32minfo[39m: 	Type: GET -- Request: {} -- URL: http://localhost:3030/quickshop/order/active -- Status: 304 -- Response Time: 4.578 ms

2023-07-18T19:00:53.219Z [32minfo[39m: 	Type: GET -- Request: {} -- URL: http://localhost:3030/quickshop/order/active -- Status: 304 -- Response Time: 2.155 ms

2023-07-18T19:01:06.654Z [32minfo[39m: 	Type: GET -- Request: {} -- URL: http://localhost:3030/quickshop/order/active -- Status: 304 -- Response Time: 6.582 ms

2023-07-18T19:01:07.053Z [32minfo[39m: 	Type: GET -- Request: {} -- URL: http://localhost:3030/quickshop/order/active -- Status: 304 -- Response Time: 1.604 ms

2023-07-18T19:03:20.461Z [32minfo[39m: 	Type: GET -- Request: {} -- URL: http://localhost:3030/quickshop/order/active -- Status: 304 -- Response Time: 10.794 ms

2023-07-18T19:03:20.778Z [32minfo[39m: 	Type: GET -- Request: {} -- URL: http://localhost:3030/quickshop/order/active -- Status: 304 -- Response Time: 1.767 ms

2023-07-18T19:05:50.449Z [32minfo[39m: 	Type: GET -- Request: {} -- URL: http://localhost:3030/quickshop/order/active -- Status: 304 -- Response Time: 25.961 ms

2023-07-18T19:07:43.132Z [32minfo[39m: 	Type: GET -- Request: {} -- URL: http://localhost:3030/quickshop/order/active -- Status: 304 -- Response Time: 6.047 ms

2023-07-18T19:07:58.288Z [32minfo[39m: 	Type: GET -- Request: {} -- URL: http://localhost:3030/quickshop/order/active -- Status: 304 -- Response Time: 6.638 ms

2023-07-18T19:07:59.698Z [32minfo[39m: 	Type: GET -- Request: {} -- URL: http://localhost:3030/quickshop/order/active -- Status: 304 -- Response Time: 1.494 ms

2023-07-18T19:12:41.695Z [32minfo[39m: 	Type: GET -- Request: {} -- URL: http://localhost:3030/quickshop/order/active -- Status: 304 -- Response Time: 5.391 ms

2023-07-18T19:13:28.351Z [32minfo[39m: 	Type: GET -- Request: {} -- URL: http://localhost:3030/quickshop/order/active -- Status: 304 -- Response Time: 5.639 ms

2023-07-18T19:13:35.677Z [32minfo[39m: 	Type: GET -- Request: {} -- URL: http://localhost:3030/quickshop/order/active -- Status: 304 -- Response Time: 3.748 ms

